<?xml version="1.0" encoding="UTF-8"?>
<testng-results skipped="0" failed="1" ignored="0" total="1" passed="0">
  <reporter-output>
    <line>
      <![CDATA[Step1:Searching for hotel]]>
    </line>
    <line>
      <![CDATA[Validation for Home page rediraction starts]]>
    </line>
    <line>
      <![CDATA[Validation for Home page rediraction passed and ends]]>
    </line>
    <line>
      <![CDATA[Selecting the Booking city]]>
    </line>
    <line>
      <![CDATA[Selecting check in date]]>
    </line>
    <line>
      <![CDATA[Step2:Calculating effective booking check in date]]>
    </line>
    <line>
      <![CDATA[calculating The Check in Date and inserting]]>
    </line>
    <line>
      <![CDATA[Step2:Calculating effective booking check out date]]>
    </line>
    <line>
      <![CDATA[calculating the checkout date and inserting]]>
    </line>
    <line>
      <![CDATA[Step 3:Selecting no of adults and childs]]>
    </line>
    <line>
      <![CDATA[Taking input for no of adults and no of childs]]>
    </line>
    <line>
      <![CDATA[Hotel page rediraction assertion starts]]>
    </line>
    <line>
      <![CDATA[Hotel page rediraction assertion completed]]>
    </line>
    <line>
      <![CDATA[Step4:valaditing booking Details]]>
    </line>
    <line>
      <![CDATA[checkin Date Validation starts]]>
    </line>
    <line>
      <![CDATA[Check in date validation completed]]>
    </line>
    <line>
      <![CDATA[checkout Date Validation starts]]>
    </line>
    <line>
      <![CDATA[Check out date validation completed]]>
    </line>
    <line>
      <![CDATA[No of adults Validation]]>
    </line>
    <line>
      <![CDATA[No of adults validation completed]]>
    </line>
    <line>
      <![CDATA[No of childs Validation]]>
    </line>
    <line>
      <![CDATA[No of childs validation completed]]>
    </line>
    <line>
      <![CDATA[Step5:Sorting Star rating]]>
    </line>
    <line>
      <![CDATA[sorting started for rating]]>
    </line>
  </reporter-output>
  <suite name="Default suite" duration-ms="41406" started-at="2019-11-29T12:57:32Z" finished-at="2019-11-29T12:58:14Z">
    <groups>
    </groups>
    <test name="Default test" duration-ms="41406" started-at="2019-11-29T12:57:32Z" finished-at="2019-11-29T12:58:14Z">
      <class name="com.atmecs.phpassessment.scripts.TestPhpTravlesScript">
        <test-method status="PASS" signature="intitailizeBrowser()[pri:0, instance:com.atmecs.phpassessment.scripts.TestPhpTravlesScript@239963d8]" name="intitailizeBrowser" is-config="true" duration-ms="6709" started-at="2019-11-29T12:57:32Z" finished-at="2019-11-29T12:57:39Z">
          <reporter-output>
          </reporter-output>
        </test-method> <!-- intitailizeBrowser -->
        <test-method status="PASS" signature="urlqw()[pri:0, instance:com.atmecs.phpassessment.scripts.TestPhpTravlesScript@239963d8]" name="urlqw" is-config="true" duration-ms="9833" started-at="2019-11-29T12:57:39Z" finished-at="2019-11-29T12:57:49Z">
          <reporter-output>
          </reporter-output>
        </test-method> <!-- urlqw -->
        <test-method status="FAIL" signature="phpTravlesintegration()[pri:0, instance:com.atmecs.phpassessment.scripts.TestPhpTravlesScript@239963d8]" name="phpTravlesintegration" duration-ms="24837" started-at="2019-11-29T12:57:49Z" finished-at="2019-11-29T12:58:14Z">
          <exception class="java.lang.NullPointerException">
            <full-stacktrace>
              <![CDATA[java.lang.NullPointerException
at com.atmecs.phpassessment.pages.PhpFuncationality.sortRating(PhpFuncationality.java:158)
at com.atmecs.phpassessment.scripts.TestPhpTravlesScript.phpTravlesintegration(TestPhpTravlesScript.java:66)
at sun.reflect.NativeMethodAccessorImpl.invoke0(Native Method)
at sun.reflect.NativeMethodAccessorImpl.invoke(NativeMethodAccessorImpl.java:62)
at sun.reflect.DelegatingMethodAccessorImpl.invoke(DelegatingMethodAccessorImpl.java:43)
at java.lang.reflect.Method.invoke(Method.java:498)
at org.testng.internal.MethodInvocationHelper.invokeMethod(MethodInvocationHelper.java:124)
at org.testng.internal.Invoker.invokeMethod(Invoker.java:583)
at org.testng.internal.Invoker.invokeTestMethod(Invoker.java:719)
at org.testng.internal.Invoker.invokeTestMethods(Invoker.java:989)
at org.testng.internal.TestMethodWorker.invokeTestMethods(TestMethodWorker.java:125)
at org.testng.internal.TestMethodWorker.run(TestMethodWorker.java:109)
at org.testng.TestRunner.privateRun(TestRunner.java:648)
at org.testng.TestRunner.run(TestRunner.java:505)
at org.testng.SuiteRunner.runTest(SuiteRunner.java:455)
at org.testng.SuiteRunner.runSequentially(SuiteRunner.java:450)
at org.testng.SuiteRunner.privateRun(SuiteRunner.java:415)
at org.testng.SuiteRunner.run(SuiteRunner.java:364)
at org.testng.SuiteRunnerWorker.runSuite(SuiteRunnerWorker.java:52)
at org.testng.SuiteRunnerWorker.run(SuiteRunnerWorker.java:84)
at org.testng.TestNG.runSuitesSequentially(TestNG.java:1208)
at org.testng.TestNG.runSuitesLocally(TestNG.java:1137)
at org.testng.TestNG.runSuites(TestNG.java:1049)
at org.testng.TestNG.run(TestNG.java:1017)
at org.testng.remote.AbstractRemoteTestNG.run(AbstractRemoteTestNG.java:115)
at org.testng.remote.RemoteTestNG.initAndRun(RemoteTestNG.java:251)
at org.testng.remote.RemoteTestNG.main(RemoteTestNG.java:77)
]]>
            </full-stacktrace>
          </exception> <!-- java.lang.NullPointerException -->
          <reporter-output>
            <line>
              <![CDATA[Step1:Searching for hotel]]>
            </line>
            <line>
              <![CDATA[Validation for Home page rediraction starts]]>
            </line>
            <line>
              <![CDATA[Validation for Home page rediraction passed and ends]]>
            </line>
            <line>
              <![CDATA[Selecting the Booking city]]>
            </line>
            <line>
              <![CDATA[Selecting check in date]]>
            </line>
            <line>
              <![CDATA[Step2:Calculating effective booking check in date]]>
            </line>
            <line>
              <![CDATA[calculating The Check in Date and inserting]]>
            </line>
            <line>
              <![CDATA[Step2:Calculating effective booking check out date]]>
            </line>
            <line>
              <![CDATA[calculating the checkout date and inserting]]>
            </line>
            <line>
              <![CDATA[Step 3:Selecting no of adults and childs]]>
            </line>
            <line>
              <![CDATA[Taking input for no of adults and no of childs]]>
            </line>
            <line>
              <![CDATA[Hotel page rediraction assertion starts]]>
            </line>
            <line>
              <![CDATA[Hotel page rediraction assertion completed]]>
            </line>
            <line>
              <![CDATA[Step4:valaditing booking Details]]>
            </line>
            <line>
              <![CDATA[checkin Date Validation starts]]>
            </line>
            <line>
              <![CDATA[Check in date validation completed]]>
            </line>
            <line>
              <![CDATA[checkout Date Validation starts]]>
            </line>
            <line>
              <![CDATA[Check out date validation completed]]>
            </line>
            <line>
              <![CDATA[No of adults Validation]]>
            </line>
            <line>
              <![CDATA[No of adults validation completed]]>
            </line>
            <line>
              <![CDATA[No of childs Validation]]>
            </line>
            <line>
              <![CDATA[No of childs validation completed]]>
            </line>
            <line>
              <![CDATA[Step5:Sorting Star rating]]>
            </line>
            <line>
              <![CDATA[sorting started for rating]]>
            </line>
          </reporter-output>
        </test-method> <!-- phpTravlesintegration -->
      </class> <!-- com.atmecs.phpassessment.scripts.TestPhpTravlesScript -->
    </test> <!-- Default test -->
  </suite> <!-- Default suite -->
</testng-results>
